{"/Users/jamesostling/Desktop/La Fosse Academy/Beta Project/Earthly/tracker/server/controllers/habit.js": {"path":"/Users/jamesostling/Desktop/La Fosse Academy/Beta Project/Earthly/tracker/server/controllers/habit.js","statementMap":{"0":{"start":{"line":1,"column":18},"end":{"line":1,"column":44}},"1":{"start":{"line":4,"column":4},"end":{"line":14,"column":5}},"2":{"start":{"line":5,"column":21},"end":{"line":5,"column":29}},"3":{"start":{"line":6,"column":23},"end":{"line":6,"column":47}},"4":{"start":{"line":7,"column":8},"end":{"line":7,"column":30}},"5":{"start":{"line":8,"column":8},"end":{"line":11,"column":10}},"6":{"start":{"line":13,"column":8},"end":{"line":13,"column":71}},"7":{"start":{"line":18,"column":4},"end":{"line":24,"column":5}},"8":{"start":{"line":19,"column":22},"end":{"line":19,"column":41}},"9":{"start":{"line":20,"column":8},"end":{"line":20,"column":27}},"10":{"start":{"line":21,"column":8},"end":{"line":21,"column":46}},"11":{"start":{"line":23,"column":8},"end":{"line":23,"column":69}},"12":{"start":{"line":27,"column":0},"end":{"line":29,"column":12}}},"fnMap":{"0":{"name":"create","decl":{"start":{"line":3,"column":15},"end":{"line":3,"column":21}},"loc":{"start":{"line":3,"column":32},"end":{"line":15,"column":1}},"line":3},"1":{"name":"getStats","decl":{"start":{"line":17,"column":15},"end":{"line":17,"column":23}},"loc":{"start":{"line":17,"column":34},"end":{"line":25,"column":1}},"line":17}},"branchMap":{"0":{"loc":{"start":{"line":13,"column":38},"end":{"line":13,"column":68}},"type":"binary-expr","locations":[{"start":{"line":13,"column":38},"end":{"line":13,"column":49}},{"start":{"line":13,"column":53},"end":{"line":13,"column":68}}],"line":13}},"s":{"0":1,"1":2,"2":2,"3":2,"4":1,"5":1,"6":1,"7":2,"8":2,"9":1,"10":1,"11":1,"12":1},"f":{"0":2,"1":2},"b":{"0":[1,0]},"_coverageSchema":"1a1c01bbd47fc00a2c39e90264f33305004495a9","hash":"ac8d8ec6c109abe11700ad3eea2a25cff9eb4d04"}
,"/Users/jamesostling/Desktop/La Fosse Academy/Beta Project/Earthly/tracker/server/db/connect.js": {"path":"/Users/jamesostling/Desktop/La Fosse Academy/Beta Project/Earthly/tracker/server/db/connect.js","statementMap":{"0":{"start":{"line":1,"column":17},"end":{"line":1,"column":30}},"1":{"start":{"line":3,"column":11},"end":{"line":5,"column":2}},"2":{"start":{"line":7,"column":0},"end":{"line":7,"column":20}}},"fnMap":{},"branchMap":{},"s":{"0":2,"1":2,"2":2},"f":{},"b":{},"_coverageSchema":"1a1c01bbd47fc00a2c39e90264f33305004495a9","hash":"46c2216f3105fe370255417a54efea9677c94471"}
,"/Users/jamesostling/Desktop/La Fosse Academy/Beta Project/Earthly/tracker/server/models/Habit.js": {"path":"/Users/jamesostling/Desktop/La Fosse Academy/Beta Project/Earthly/tracker/server/models/Habit.js","statementMap":{"0":{"start":{"line":1,"column":11},"end":{"line":1,"column":35}},"1":{"start":{"line":15,"column":4},"end":{"line":15,"column":21}},"2":{"start":{"line":16,"column":4},"end":{"line":16,"column":27}},"3":{"start":{"line":17,"column":4},"end":{"line":17,"column":29}},"4":{"start":{"line":18,"column":4},"end":{"line":18,"column":27}},"5":{"start":{"line":19,"column":4},"end":{"line":19,"column":41}},"6":{"start":{"line":20,"column":4},"end":{"line":20,"column":45}},"7":{"start":{"line":21,"column":4},"end":{"line":21,"column":39}},"8":{"start":{"line":22,"column":4},"end":{"line":22,"column":33}},"9":{"start":{"line":23,"column":4},"end":{"line":23,"column":45}},"10":{"start":{"line":28,"column":4},"end":{"line":30,"column":5}},"11":{"start":{"line":29,"column":6},"end":{"line":29,"column":43}},"12":{"start":{"line":60,"column":29},"end":{"line":60,"column":33}},"13":{"start":{"line":61,"column":19},"end":{"line":74,"column":5}},"14":{"start":{"line":76,"column":4},"end":{"line":76,"column":39}},"15":{"start":{"line":81,"column":20},"end":{"line":81,"column":129}},"16":{"start":{"line":82,"column":21},"end":{"line":82,"column":132}},"17":{"start":{"line":83,"column":21},"end":{"line":83,"column":129}},"18":{"start":{"line":84,"column":23},"end":{"line":84,"column":133}},"19":{"start":{"line":87,"column":27},"end":{"line":87,"column":112}},"20":{"start":{"line":90,"column":25},"end":{"line":90,"column":140}},"21":{"start":{"line":93,"column":23},"end":{"line":93,"column":132}},"22":{"start":{"line":96,"column":27},"end":{"line":96,"column":114}},"23":{"start":{"line":99,"column":23},"end":{"line":99,"column":173}},"24":{"start":{"line":102,"column":25},"end":{"line":102,"column":111}},"25":{"start":{"line":105,"column":31},"end":{"line":105,"column":102}},"26":{"start":{"line":108,"column":28},"end":{"line":108,"column":98}},"27":{"start":{"line":111,"column":6},"end":{"line":116,"column":7}},"28":{"start":{"line":120,"column":0},"end":{"line":120,"column":27}}},"fnMap":{"0":{"name":"(anonymous_0)","decl":{"start":{"line":4,"column":2},"end":{"line":4,"column":3}},"loc":{"start":{"line":14,"column":5},"end":{"line":24,"column":3}},"line":14},"1":{"name":"(anonymous_1)","decl":{"start":{"line":26,"column":2},"end":{"line":26,"column":3}},"loc":{"start":{"line":26,"column":28},"end":{"line":77,"column":3}},"line":26},"2":{"name":"(anonymous_2)","decl":{"start":{"line":79,"column":2},"end":{"line":79,"column":3}},"loc":{"start":{"line":79,"column":23},"end":{"line":117,"column":3}},"line":79}},"branchMap":{"0":{"loc":{"start":{"line":28,"column":4},"end":{"line":30,"column":5}},"type":"if","locations":[{"start":{"line":28,"column":4},"end":{"line":30,"column":5}},{"start":{},"end":{}}],"line":28}},"s":{"0":2,"1":3,"2":3,"3":3,"4":3,"5":3,"6":3,"7":3,"8":3,"9":3,"10":2,"11":1,"12":1,"13":1,"14":1,"15":0,"16":0,"17":0,"18":0,"19":0,"20":0,"21":0,"22":0,"23":0,"24":0,"25":0,"26":0,"27":0,"28":2},"f":{"0":3,"1":2,"2":0},"b":{"0":[1,1]},"_coverageSchema":"1a1c01bbd47fc00a2c39e90264f33305004495a9","hash":"eeac38a7707f6e5c7fa09d5256e84e7a11a126e9"}
}
