TN:
SF:server/controllers/habit.js
FN:3,create
FN:17,getStats
FNF:2
FNH:2
FNDA:2,create
FNDA:2,getStats
DA:1,1
DA:4,2
DA:5,2
DA:6,2
DA:7,1
DA:8,1
DA:13,1
DA:18,2
DA:19,2
DA:20,1
DA:21,1
DA:23,1
DA:27,1
LF:13
LH:13
BRDA:13,0,0,1
BRDA:13,0,1,0
BRF:2
BRH:1
end_of_record
TN:
SF:server/db/connect.js
FNF:0
FNH:0
DA:1,2
DA:3,2
DA:7,2
LF:3
LH:3
BRF:0
BRH:0
end_of_record
TN:
SF:server/models/Habit.js
FN:4,(anonymous_0)
FN:26,(anonymous_1)
FN:79,(anonymous_2)
FNF:3
FNH:2
FNDA:3,(anonymous_0)
FNDA:2,(anonymous_1)
FNDA:0,(anonymous_2)
DA:1,2
DA:15,3
DA:16,3
DA:17,3
DA:18,3
DA:19,3
DA:20,3
DA:21,3
DA:22,3
DA:23,3
DA:28,2
DA:29,1
DA:60,1
DA:61,1
DA:76,1
DA:81,0
DA:82,0
DA:83,0
DA:84,0
DA:87,0
DA:90,0
DA:93,0
DA:96,0
DA:99,0
DA:102,0
DA:105,0
DA:108,0
DA:111,0
DA:120,2
LF:29
LH:16
BRDA:28,0,0,1
BRDA:28,0,1,1
BRF:2
BRH:2
end_of_record
